  player.cpp
C:\Users\tyler\OneDrive\Documents\cpts122\PA9-main\Project1\bullet.h(10,28): warning C4244: 'argument': conversion from 'int' to 'T', possible loss of data
          with
          [
              T=float
          ]
C:\Users\tyler\OneDrive\Documents\cpts122\PA9-main\Project1\bullet.h(11,49): warning C4244: 'argument': conversion from 'int' to 'T', possible loss of data
          with
          [
              T=float
          ]
C:\Users\tyler\OneDrive\Documents\cpts122\PA9-main\Project1\bullet.h(11,28): warning C4244: 'argument': conversion from 'int' to 'T', possible loss of data
          with
          [
              T=float
          ]
C:\Users\tyler\OneDrive\Documents\cpts122\PA9-main\Project1\bullet.h(12,41): warning C4244: 'argument': conversion from 'int' to 'T', possible loss of data
          with
          [
              T=float
          ]
C:\Users\tyler\OneDrive\Documents\cpts122\PA9-main\Project1\player.h(35,8): warning C4305: 'initializing': truncation from 'double' to 'float'
C:\Users\tyler\OneDrive\Documents\cpts122\PA9-main\Project1\player.h(22,30): warning C4244: 'argument': conversion from 'int' to 'T', possible loss of data
          with
          [
              T=float
          ]
C:\Users\tyler\OneDrive\Documents\cpts122\PA9-main\Project1\player.h(23,40): warning C4244: 'argument': conversion from 'int' to 'T', possible loss of data
          with
          [
              T=float
          ]
C:\Users\tyler\OneDrive\Documents\cpts122\PA9-main\Project1\player.h(23,30): warning C4244: 'argument': conversion from 'int' to 'T', possible loss of data
          with
          [
              T=float
          ]
C:\Users\tyler\OneDrive\Documents\cpts122\PA9-main\Project1\player.h(24,33): warning C4244: 'argument': conversion from 'int' to 'T', possible loss of data
          with
          [
              T=float
          ]
  Generating code
  1 of 110 functions ( 0.9%) were compiled, the rest were copied from previous compilation.
    0 functions were new in current compilation
    1 functions had inline decision re-evaluated but remain unchanged
  Finished generating code
  Project1.vcxproj -> C:\Users\tyler\OneDrive\Documents\cpts122\PA9-main\x64\Release\Project1.exe
