  functions.cpp
  Game.cpp
C:\Users\tyler\OneDrive\Documents\cpts122\PA 9\Project1\player.h(27,8): warning C4305: 'initializing': truncation from 'double' to 'float'
C:\Users\tyler\OneDrive\Documents\cpts122\PA 9\Project1\player.h(18,30): warning C4244: 'argument': conversion from 'int' to 'T', possible loss of data
          with
          [
              T=float
          ]
C:\Users\tyler\OneDrive\Documents\cpts122\PA 9\Project1\player.h(19,40): warning C4244: 'argument': conversion from 'int' to 'T', possible loss of data
          with
          [
              T=float
          ]
C:\Users\tyler\OneDrive\Documents\cpts122\PA 9\Project1\player.h(19,30): warning C4244: 'argument': conversion from 'int' to 'T', possible loss of data
          with
          [
              T=float
          ]
C:\Users\tyler\OneDrive\Documents\cpts122\PA 9\Project1\player.h(20,33): warning C4244: 'argument': conversion from 'int' to 'T', possible loss of data
          with
          [
              T=float
          ]
C:\Users\tyler\OneDrive\Documents\cpts122\PA 9\Project1\Game.cpp(19,47): warning C4244: 'argument': conversion from 'int' to 'float', possible loss of data
C:\Users\tyler\OneDrive\Documents\cpts122\PA 9\Project1\Game.cpp(19,32): warning C4244: 'argument': conversion from 'int' to 'float', possible loss of data
C:\Users\tyler\OneDrive\Documents\cpts122\PA 9\Project1\Game.cpp(31,24): warning C4305: 'initializing': truncation from 'double' to 'float'
  main.cpp
C:\Users\tyler\OneDrive\Documents\cpts122\PA 9\Project1\player.h(27,8): warning C4305: 'initializing': truncation from 'double' to 'float'
C:\Users\tyler\OneDrive\Documents\cpts122\PA 9\Project1\player.h(18,30): warning C4244: 'argument': conversion from 'int' to 'T', possible loss of data
          with
          [
              T=float
          ]
C:\Users\tyler\OneDrive\Documents\cpts122\PA 9\Project1\player.h(19,40): warning C4244: 'argument': conversion from 'int' to 'T', possible loss of data
          with
          [
              T=float
          ]
C:\Users\tyler\OneDrive\Documents\cpts122\PA 9\Project1\player.h(19,30): warning C4244: 'argument': conversion from 'int' to 'T', possible loss of data
          with
          [
              T=float
          ]
C:\Users\tyler\OneDrive\Documents\cpts122\PA 9\Project1\player.h(20,33): warning C4244: 'argument': conversion from 'int' to 'T', possible loss of data
          with
          [
              T=float
          ]
  player.cpp
C:\Users\tyler\OneDrive\Documents\cpts122\PA 9\Project1\player.h(27,8): warning C4305: 'initializing': truncation from 'double' to 'float'
C:\Users\tyler\OneDrive\Documents\cpts122\PA 9\Project1\player.h(18,30): warning C4244: 'argument': conversion from 'int' to 'T', possible loss of data
          with
          [
              T=float
          ]
C:\Users\tyler\OneDrive\Documents\cpts122\PA 9\Project1\player.h(19,40): warning C4244: 'argument': conversion from 'int' to 'T', possible loss of data
          with
          [
              T=float
          ]
C:\Users\tyler\OneDrive\Documents\cpts122\PA 9\Project1\player.h(19,30): warning C4244: 'argument': conversion from 'int' to 'T', possible loss of data
          with
          [
              T=float
          ]
C:\Users\tyler\OneDrive\Documents\cpts122\PA 9\Project1\player.h(20,33): warning C4244: 'argument': conversion from 'int' to 'T', possible loss of data
          with
          [
              T=float
          ]
C:\Users\tyler\OneDrive\Documents\cpts122\PA 9\Project1\player.cpp(7,16): warning C4305: 'argument': truncation from 'double' to 'float'
C:\Users\tyler\OneDrive\Documents\cpts122\PA 9\Project1\player.cpp(12,16): warning C4305: 'argument': truncation from 'double' to 'float'
C:\Users\tyler\OneDrive\Documents\cpts122\PA 9\Project1\player.cpp(17,15): warning C4305: 'argument': truncation from 'double' to 'float'
C:\Users\tyler\OneDrive\Documents\cpts122\PA 9\Project1\player.cpp(22,15): warning C4305: 'argument': truncation from 'double' to 'float'
  Generating code
  Previous IPDB and IOBJ mismatch, fall back to full compilation.
  All 19 functions were compiled because no usable IPDB/IOBJ from previous compilation was found.
  Finished generating code
  Project1.vcxproj -> C:\Users\tyler\OneDrive\Documents\cpts122\PA 9\x64\Release\Project1.exe
